<?xml version="1.0" encoding="UTF-8"?>
<testsuite xmlns:xsi="http://www.w3.org/2001/XMLSchema-instance" xsi:noNamespaceSchemaLocation="https://maven.apache.org/surefire/maven-surefire-plugin/xsd/surefire-test-report-3.0.xsd" version="3.0" name="com.blog.api.BlogAppApisApplicationTests" time="3.636" tests="1" errors="0" skipped="0" failures="0">
  <properties>
[...]
</properties>
  <testcase name="contextLoads" classname="com.blog.api.BlogAppApisApplicationTests" time="0.71">
    <system-out><![CDATA[23:08:05.775 [main] INFO org.springframework.test.context.support.AnnotationConfigContextLoaderUtils -- Could not detect default configuration classes for test class [com.blog.api.BlogAppApisApplicationTests]: BlogAppApisApplicationTests does not declare any static, non-private, non-final, nested classes annotated with @Configuration.
23:08:05.824 [main] INFO org.springframework.boot.test.context.SpringBootTestContextBootstrapper -- Found @SpringBootConfiguration com.blog.api.BlogAppApisApplication for test class com.blog.api.BlogAppApisApplicationTests
23:08:05.897 [main] INFO org.springframework.boot.devtools.restart.RestartApplicationListener -- Restart disabled due to context in which it is running

  .   ____          _            __ _ _
 /\\ / ___'_ __ _ _(_)_ __  __ _ \ \ \ \
( ( )\___ | '_ | '_| | '_ \/ _` | \ \ \ \
 \\/  ___)| |_)| | | | | || (_| |  ) ) ) )
  '  |____| .__|_| |_|_| |_\__, | / / / /
 =========|_|==============|___/=/_/_/_/
 :: Spring Boot ::                (v3.2.4)

2024-05-12T23:08:06.010+05:30  INFO 75301 --- [blog-app-apis] [           main] c.blog.api.BlogAppApisApplicationTests   : Starting BlogAppApisApplicationTests using Java 17.0.10 with PID 75301 (started by saurabhmaurya in /Users/saurabhmaurya/web_development_java/springboot/blog-app-apis)
2024-05-12T23:08:06.011+05:30  INFO 75301 --- [blog-app-apis] [           main] c.blog.api.BlogAppApisApplicationTests   : The following 1 profile is active: "dev;"
2024-05-12T23:08:06.414+05:30  INFO 75301 --- [blog-app-apis] [           main] .s.d.r.c.RepositoryConfigurationDelegate : Bootstrapping Spring Data JPA repositories in DEFAULT mode.
2024-05-12T23:08:06.443+05:30  INFO 75301 --- [blog-app-apis] [           main] .s.d.r.c.RepositoryConfigurationDelegate : Finished Spring Data repository scanning in 25 ms. Found 5 JPA repository interfaces.
2024-05-12T23:08:06.727+05:30  INFO 75301 --- [blog-app-apis] [           main] o.hibernate.jpa.internal.util.LogHelper  : HHH000204: Processing PersistenceUnitInfo [name: default]
2024-05-12T23:08:06.756+05:30  INFO 75301 --- [blog-app-apis] [           main] org.hibernate.Version                    : HHH000412: Hibernate ORM core version 6.4.4.Final
2024-05-12T23:08:06.772+05:30  INFO 75301 --- [blog-app-apis] [           main] o.h.c.internal.RegionFactoryInitiator    : HHH000026: Second-level cache disabled
2024-05-12T23:08:06.879+05:30  INFO 75301 --- [blog-app-apis] [           main] o.s.o.j.p.SpringPersistenceUnitInfo      : No LoadTimeWeaver setup: ignoring JPA class transformer
2024-05-12T23:08:06.894+05:30  INFO 75301 --- [blog-app-apis] [           main] com.zaxxer.hikari.HikariDataSource       : HikariPool-1 - Starting...
2024-05-12T23:08:07.120+05:30  INFO 75301 --- [blog-app-apis] [           main] com.zaxxer.hikari.pool.HikariPool        : HikariPool-1 - Added connection com.mysql.cj.jdbc.ConnectionImpl@4e10a320
2024-05-12T23:08:07.126+05:30  INFO 75301 --- [blog-app-apis] [           main] com.zaxxer.hikari.HikariDataSource       : HikariPool-1 - Start completed.
2024-05-12T23:08:07.160+05:30  WARN 75301 --- [blog-app-apis] [           main] org.hibernate.orm.deprecation            : HHH90000025: MySQL8Dialect does not need to be specified explicitly using 'hibernate.dialect' (remove the property setting and it will be selected by default)
2024-05-12T23:08:07.160+05:30  WARN 75301 --- [blog-app-apis] [           main] org.hibernate.orm.deprecation            : HHH90000026: MySQL8Dialect has been deprecated; use org.hibernate.dialect.MySQLDialect instead
2024-05-12T23:08:07.685+05:30  INFO 75301 --- [blog-app-apis] [           main] o.h.e.t.j.p.i.JtaPlatformInitiator       : HHH000489: No JTA platform available (set 'hibernate.transaction.jta.platform' to enable JTA platform integration)
2024-05-12T23:08:07.773+05:30  INFO 75301 --- [blog-app-apis] [           main] j.LocalContainerEntityManagerFactoryBean : Initialized JPA EntityManagerFactory for persistence unit 'default'
2024-05-12T23:08:08.020+05:30 DEBUG 75301 --- [blog-app-apis] [           main] .PrePostAnnotationSecurityMetadataSource : @org.springframework.security.access.prepost.PreAuthorize("hasRole(\'ADMIN\')") found on: com.blog.api.controller.CategoriesController
2024-05-12T23:08:08.021+05:30 DEBUG 75301 --- [blog-app-apis] [           main] m.DelegatingMethodSecurityMetadataSource : Caching method [CacheKey[com.blog.api.controller.CategoriesController; public org.springframework.http.ResponseEntity com.blog.api.controller.CategoriesController.createCategory(com.blog.api.payloads.CategoriesDto)]] with attributes [[authorize: 'hasRole('ADMIN')', filter: 'null', filterTarget: 'null']]
2024-05-12T23:08:08.035+05:30 DEBUG 75301 --- [blog-app-apis] [           main] .PrePostAnnotationSecurityMetadataSource : @org.springframework.security.access.prepost.PreAuthorize("hasRole(\'ADMIN\')") found on: com.blog.api.controller.CategoriesController
2024-05-12T23:08:08.036+05:30 DEBUG 75301 --- [blog-app-apis] [           main] m.DelegatingMethodSecurityMetadataSource : Caching method [CacheKey[com.blog.api.controller.CategoriesController; public org.springframework.http.ResponseEntity com.blog.api.controller.CategoriesController.udpateCategory(int,com.blog.api.payloads.CategoriesDto)]] with attributes [[authorize: 'hasRole('ADMIN')', filter: 'null', filterTarget: 'null']]
2024-05-12T23:08:08.036+05:30 DEBUG 75301 --- [blog-app-apis] [           main] .PrePostAnnotationSecurityMetadataSource : @org.springframework.security.access.prepost.PreAuthorize("hasRole(\'ADMIN\')") found on: com.blog.api.controller.CategoriesController
2024-05-12T23:08:08.036+05:30 DEBUG 75301 --- [blog-app-apis] [           main] m.DelegatingMethodSecurityMetadataSource : Caching method [CacheKey[com.blog.api.controller.CategoriesController; public org.springframework.http.ResponseEntity com.blog.api.controller.CategoriesController.deleteCategory(int)]] with attributes [[authorize: 'hasRole('ADMIN')', filter: 'null', filterTarget: 'null']]
2024-05-12T23:08:08.036+05:30 DEBUG 75301 --- [blog-app-apis] [           main] .PrePostAnnotationSecurityMetadataSource : @org.springframework.security.access.prepost.PreAuthorize("hasRole(\'ADMIN\')") found on: com.blog.api.controller.CategoriesController
2024-05-12T23:08:08.036+05:30 DEBUG 75301 --- [blog-app-apis] [           main] m.DelegatingMethodSecurityMetadataSource : Caching method [CacheKey[com.blog.api.controller.CategoriesController; public org.springframework.http.ResponseEntity com.blog.api.controller.CategoriesController.GetCategoryByID(int)]] with attributes [[authorize: 'hasRole('ADMIN')', filter: 'null', filterTarget: 'null']]
2024-05-12T23:08:08.036+05:30 DEBUG 75301 --- [blog-app-apis] [           main] .PrePostAnnotationSecurityMetadataSource : @org.springframework.security.access.prepost.PreAuthorize("hasRole(\'ADMIN\')") found on: com.blog.api.controller.CategoriesController
2024-05-12T23:08:08.036+05:30 DEBUG 75301 --- [blog-app-apis] [           main] m.DelegatingMethodSecurityMetadataSource : Caching method [CacheKey[com.blog.api.controller.CategoriesController; public org.springframework.http.ResponseEntity com.blog.api.controller.CategoriesController.getAllCategory()]] with attributes [[authorize: 'hasRole('ADMIN')', filter: 'null', filterTarget: 'null']]
2024-05-12T23:08:08.093+05:30 DEBUG 75301 --- [blog-app-apis] [           main] .PrePostAnnotationSecurityMetadataSource : @org.springframework.security.access.prepost.PreAuthorize("hasRole(\'ROLE_ADMIN\')") found on: com.blog.api.controller.RolesController
2024-05-12T23:08:08.094+05:30 DEBUG 75301 --- [blog-app-apis] [           main] m.DelegatingMethodSecurityMetadataSource : Caching method [CacheKey[com.blog.api.controller.RolesController; public org.springframework.http.ResponseEntity com.blog.api.controller.RolesController.deleteCategory(int)]] with attributes [[authorize: 'hasRole('ROLE_ADMIN')', filter: 'null', filterTarget: 'null']]
2024-05-12T23:08:08.095+05:30 DEBUG 75301 --- [blog-app-apis] [           main] .PrePostAnnotationSecurityMetadataSource : @org.springframework.security.access.prepost.PreAuthorize("hasRole(\'ROLE_ADMIN\')") found on: com.blog.api.controller.RolesController
2024-05-12T23:08:08.095+05:30 DEBUG 75301 --- [blog-app-apis] [           main] m.DelegatingMethodSecurityMetadataSource : Caching method [CacheKey[com.blog.api.controller.RolesController; public org.springframework.http.ResponseEntity com.blog.api.controller.RolesController.getRoleById(int)]] with attributes [[authorize: 'hasRole('ROLE_ADMIN')', filter: 'null', filterTarget: 'null']]
2024-05-12T23:08:08.095+05:30 DEBUG 75301 --- [blog-app-apis] [           main] .PrePostAnnotationSecurityMetadataSource : @org.springframework.security.access.prepost.PreAuthorize("hasRole(\'ROLE_ADMIN\')") found on: com.blog.api.controller.RolesController
2024-05-12T23:08:08.095+05:30 DEBUG 75301 --- [blog-app-apis] [           main] m.DelegatingMethodSecurityMetadataSource : Caching method [CacheKey[com.blog.api.controller.RolesController; public org.springframework.http.ResponseEntity com.blog.api.controller.RolesController.createRole(com.blog.api.payloads.RolesDto)]] with attributes [[authorize: 'hasRole('ROLE_ADMIN')', filter: 'null', filterTarget: 'null']]
2024-05-12T23:08:08.095+05:30 DEBUG 75301 --- [blog-app-apis] [           main] .PrePostAnnotationSecurityMetadataSource : @org.springframework.security.access.prepost.PreAuthorize("hasRole(\'ROLE_ADMIN\')") found on: com.blog.api.controller.RolesController
2024-05-12T23:08:08.095+05:30 DEBUG 75301 --- [blog-app-apis] [           main] m.DelegatingMethodSecurityMetadataSource : Caching method [CacheKey[com.blog.api.controller.RolesController; public org.springframework.http.ResponseEntity com.blog.api.controller.RolesController.udpateRole(int,com.blog.api.payloads.RolesDto)]] with attributes [[authorize: 'hasRole('ROLE_ADMIN')', filter: 'null', filterTarget: 'null']]
2024-05-12T23:08:08.095+05:30 DEBUG 75301 --- [blog-app-apis] [           main] .PrePostAnnotationSecurityMetadataSource : @org.springframework.security.access.prepost.PreAuthorize("hasRole(\'ROLE_ADMIN\')") found on: com.blog.api.controller.RolesController
2024-05-12T23:08:08.095+05:30 DEBUG 75301 --- [blog-app-apis] [           main] m.DelegatingMethodSecurityMetadataSource : Caching method [CacheKey[com.blog.api.controller.RolesController; public org.springframework.http.ResponseEntity com.blog.api.controller.RolesController.getAllRole()]] with attributes [[authorize: 'hasRole('ROLE_ADMIN')', filter: 'null', filterTarget: 'null']]
2024-05-12T23:08:08.099+05:30 DEBUG 75301 --- [blog-app-apis] [           main] .PrePostAnnotationSecurityMetadataSource : @org.springframework.security.access.prepost.PreAuthorize("hasRole(\'ADMIN\')") found on specific method: public org.springframework.http.ResponseEntity com.blog.api.controller.UserController.createUser(com.blog.api.payloads.UserDto)
2024-05-12T23:08:08.099+05:30 DEBUG 75301 --- [blog-app-apis] [           main] m.DelegatingMethodSecurityMetadataSource : Caching method [CacheKey[com.blog.api.controller.UserController; public org.springframework.http.ResponseEntity com.blog.api.controller.UserController.createUser(com.blog.api.payloads.UserDto)]] with attributes [[authorize: 'hasRole('ADMIN')', filter: 'null', filterTarget: 'null']]
2024-05-12T23:08:08.100+05:30 DEBUG 75301 --- [blog-app-apis] [           main] .PrePostAnnotationSecurityMetadataSource : @org.springframework.security.access.prepost.PreAuthorize("hasRole(\'ADMIN\')") found on specific method: public org.springframework.http.ResponseEntity com.blog.api.controller.UserController.updateUser(int,com.blog.api.payloads.UserDto)
2024-05-12T23:08:08.100+05:30 DEBUG 75301 --- [blog-app-apis] [           main] m.DelegatingMethodSecurityMetadataSource : Caching method [CacheKey[com.blog.api.controller.UserController; public org.springframework.http.ResponseEntity com.blog.api.controller.UserController.updateUser(int,com.blog.api.payloads.UserDto)]] with attributes [[authorize: 'hasRole('ADMIN')', filter: 'null', filterTarget: 'null']]
2024-05-12T23:08:08.100+05:30 DEBUG 75301 --- [blog-app-apis] [           main] .PrePostAnnotationSecurityMetadataSource : @org.springframework.security.access.prepost.PreAuthorize("hasRole(\'ADMIN\')") found on specific method: public org.springframework.http.ResponseEntity com.blog.api.controller.UserController.deleteUser(int)
2024-05-12T23:08:08.101+05:30 DEBUG 75301 --- [blog-app-apis] [           main] m.DelegatingMethodSecurityMetadataSource : Caching method [CacheKey[com.blog.api.controller.UserController; public org.springframework.http.ResponseEntity com.blog.api.controller.UserController.deleteUser(int)]] with attributes [[authorize: 'hasRole('ADMIN')', filter: 'null', filterTarget: 'null']]
2024-05-12T23:08:08.195+05:30  WARN 75301 --- [blog-app-apis] [           main] JpaBaseConfiguration$JpaWebConfiguration : spring.jpa.open-in-view is enabled by default. Therefore, database queries may be performed during view rendering. Explicitly configure spring.jpa.open-in-view to disable this warning
2024-05-12T23:08:08.412+05:30  INFO 75301 --- [blog-app-apis] [           main] o.s.s.web.DefaultSecurityFilterChain     : Will secure any request with [org.springframework.security.web.session.DisableEncodeUrlFilter@2ee949d4, org.springframework.security.web.context.request.async.WebAsyncManagerIntegrationFilter@57e9cd2, org.springframework.security.web.context.SecurityContextHolderFilter@4b55652a, org.springframework.security.web.header.HeaderWriterFilter@556a5e70, org.springframework.web.filter.CorsFilter@2298d741, org.springframework.security.web.authentication.logout.LogoutFilter@75c36570, com.blog.api.security.JwtAuthenticationFilter@701996e9, org.springframework.security.web.savedrequest.RequestCacheAwareFilter@119f02d2, org.springframework.security.web.servletapi.SecurityContextHolderAwareRequestFilter@48c584c, org.springframework.security.web.authentication.AnonymousAuthenticationFilter@34a48013, org.springframework.security.web.session.SessionManagementFilter@625430f8, org.springframework.security.web.access.ExceptionTranslationFilter@40d0bff1, org.springframework.security.web.access.intercept.AuthorizationFilter@619944a7]
2024-05-12T23:08:08.606+05:30  INFO 75301 --- [blog-app-apis] [           main] c.blog.api.BlogAppApisApplicationTests   : Started BlogAppApisApplicationTests in 2.714 seconds (process running for 3.239)
]]></system-out>
  </testcase>
</testsuite>